<?xml version="1.0" encoding="UTF-8"?>
<robot generator="Robot 3.1.2 (Python 3.7.3 on win32)" generated="20200113 09:38:59.352" rpa="false">
<suite id="s1" name="Cadastrorequisitorios" source="F:\pj-requisitorio-robot\Contexto\01CadastroProcesso\Test\Cadastrorequisitorios.robot">
<test id="s1-t1" name="Cenario 02:Cadastrar acao ordinaria">
<kw name="Carrega diretório de imagens" library="Cadastroresource" type="setup">
<kw name="Add Image Path" library="SikuliLibrary">
<doc>Add image path</doc>
<arguments>
<arg>${IMAGE_DIR}</arg>
</arguments>
<msg timestamp="20200113 09:39:05.838" level="INFO">Params: [F:\pj-requisitorio-robot\Contexto\01CadastroProcesso\Resource\images]</msg>
<status status="PASS" starttime="20200113 09:39:05.824" endtime="20200113 09:39:05.838"></status>
</kw>
<kw name="Conectar no banco" library="ResourceBD">
<kw name="Connect To Database Using Custom Params" library="DatabaseLibrary">
<doc>Loads the DB API 2.0 module given `dbapiModuleName` then uses it to
connect to the database using the map string `db_custom_param_string`.</doc>
<arguments>
<arg>cx_Oracle</arg>
<arg>${CONEXAO_BANCO}</arg>
</arguments>
<msg timestamp="20200113 09:39:05.841" level="INFO">Executing : Connect To Database Using Custom Params : cx_Oracle.connect(db_api_2.connect('saj/agesune1@PRJXSP')) </msg>
<status status="PASS" starttime="20200113 09:39:05.839" endtime="20200113 09:39:05.996"></status>
</kw>
<status status="PASS" starttime="20200113 09:39:05.838" endtime="20200113 09:39:05.996"></status>
</kw>
<status status="PASS" starttime="20200113 09:39:05.823" endtime="20200113 09:39:05.996"></status>
</kw>
<kw name="Dado a tela de cadastro de processos judiciais">
<kw name="Abrir janela de cadastro de processos judiciais" library="Cadastroresource">
<kw name="Abre janela Cadastro de PROCESSO" library="ResourceGeral">
<kw name="Send" library="Cadastroresource">
<arguments>
<arg>{ALT}</arg>
</arguments>
<msg timestamp="20200113 09:39:05.997" level="FAIL">Keyword 'Cadastroresource.Send' expected 0 arguments, got 1.</msg>
<status status="FAIL" starttime="20200113 09:39:05.997" endtime="20200113 09:39:05.997"></status>
</kw>
<status status="FAIL" starttime="20200113 09:39:05.997" endtime="20200113 09:39:05.997"></status>
</kw>
<status status="FAIL" starttime="20200113 09:39:05.997" endtime="20200113 09:39:05.998"></status>
</kw>
<status status="FAIL" starttime="20200113 09:39:05.996" endtime="20200113 09:39:05.998"></status>
</kw>
<status status="FAIL" starttime="20200113 09:39:05.823" endtime="20200113 09:39:05.998" critical="yes">Keyword 'Cadastroresource.Send' expected 0 arguments, got 1.</status>
</test>
<doc>Teste Precatorio</doc>
<status status="FAIL" starttime="20200113 09:38:59.354" endtime="20200113 09:39:05.998"></status>
</suite>
<statistics>
<total>
<stat pass="0" fail="1">Critical Tests</stat>
<stat pass="0" fail="1">All Tests</stat>
</total>
<tag>
</tag>
<suite>
<stat pass="0" fail="1" id="s1" name="Cadastrorequisitorios">Cadastrorequisitorios</stat>
</suite>
</statistics>
<errors>
</errors>
</robot>
