<?xml version="1.0" encoding="UTF-8"?>
<robot generator="Robot 3.1.2 (Python 3.7.3 on win32)" generated="20200108 16:21:17.424" rpa="false">
<suite id="s1" name="01CadastroProcesso" source="F:\pj-requisitorio-robot\Contexto\01CadastroProcesso">
<suite id="s1-s1" name="Test" source="F:\pj-requisitorio-robot\Contexto\01CadastroProcesso\Test">
<suite id="s1-s1-s1" name="Cadastrorequisitorios" source="F:\pj-requisitorio-robot\Contexto\01CadastroProcesso\Test\Cadastrorequisitorios.robot">
<test id="s1-s1-s1-t1" name="Cenário 01:Cadastrar requisitorios VIA WS">
<kw name="Carrega diretório de imagens" library="Cadastroresource" type="setup">
<kw name="Add Image Path" library="SikuliLibrary">
<doc>Add image path</doc>
<arguments>
<arg>${IMAGE_DIR}</arg>
</arguments>
<msg timestamp="20200108 16:21:23.752" level="INFO">Params: [F:\pj-requisitorio-robot\Contexto\01CadastroProcesso\Resource\images]</msg>
<status status="PASS" starttime="20200108 16:21:23.722" endtime="20200108 16:21:23.752"></status>
</kw>
<status status="PASS" starttime="20200108 16:21:23.721" endtime="20200108 16:21:23.753"></status>
</kw>
<kw name="Dado que exista requisitórios disponíveis">
<kw name="No Operation" library="BuiltIn">
<doc>Does absolutely nothing.</doc>
<status status="PASS" starttime="20200108 16:21:23.754" endtime="20200108 16:21:23.754"></status>
</kw>
<status status="PASS" starttime="20200108 16:21:23.754" endtime="20200108 16:21:23.754"></status>
</kw>
<kw name="Quando usuario cadastrar o requisitórios">
<kw name="Executar testador">
<msg timestamp="20200108 16:21:23.756" level="FAIL">Multiple keywords with name 'Executar testador' found. Give the full name of the keyword you want to use:
    Cadastroresource.Executar testador
    ResourceGeral.Executar testador</msg>
<status status="FAIL" starttime="20200108 16:21:23.755" endtime="20200108 16:21:23.756"></status>
</kw>
<status status="FAIL" starttime="20200108 16:21:23.755" endtime="20200108 16:21:23.756"></status>
</kw>
<kw name="Fechar testador" library="ResourceGeral" type="teardown">
<kw name="Sleep" library="BuiltIn">
<doc>Pauses the test executed for the given time.</doc>
<arguments>
<arg>3</arg>
</arguments>
<msg timestamp="20200108 16:21:26.757" level="INFO">Slept 3 seconds</msg>
<status status="PASS" starttime="20200108 16:21:23.757" endtime="20200108 16:21:26.757"></status>
</kw>
<kw name="Terminate Process" library="Process">
<doc>Stops the process gracefully or forcefully.</doc>
<arguments>
<arg>${Process testador}</arg>
<arg>kill=True</arg>
</arguments>
<msg timestamp="20200108 16:21:26.758" level="FAIL">Variable '${Process testador}' not found.</msg>
<status status="FAIL" starttime="20200108 16:21:26.757" endtime="20200108 16:21:26.758"></status>
</kw>
<kw name="Terminate Process" library="Process">
<doc>Stops the process gracefully or forcefully.</doc>
<arguments>
<arg>${Process cliente}</arg>
<arg>kill=True</arg>
</arguments>
<msg timestamp="20200108 16:21:26.759" level="FAIL">Variable '${Process cliente}' not found.</msg>
<status status="FAIL" starttime="20200108 16:21:26.758" endtime="20200108 16:21:26.759"></status>
</kw>
<kw name="Stop Remote Server" library="SikuliLibrary">
<doc>Stops the remote server.</doc>
<msg timestamp="20200108 16:21:26.764" level="INFO">Robot Framework remote server stopping</msg>
<status status="PASS" starttime="20200108 16:21:26.760" endtime="20200108 16:21:26.764"></status>
</kw>
<status status="FAIL" starttime="20200108 16:21:23.756" endtime="20200108 16:21:26.764">Several failures occurred:

1) Variable '${Process testador}' not found.

2) Variable '${Process cliente}' not found.</status>
</kw>
<status status="FAIL" starttime="20200108 16:21:23.721" endtime="20200108 16:21:26.765" critical="yes">Multiple keywords with name 'Executar testador' found. Give the full name of the keyword you want to use:
    Cadastroresource.Executar testador
    ResourceGeral.Executar testador

Also teardown failed:
Several failures occurred:

1) Variable '${Process testador}' not found.

2) Variable '${Process cliente}' not found.</status>
</test>
<doc>Teste Precatorio</doc>
<status status="FAIL" starttime="20200108 16:21:17.570" endtime="20200108 16:21:26.766"></status>
</suite>
<status status="FAIL" starttime="20200108 16:21:17.553" endtime="20200108 16:21:26.768"></status>
</suite>
<status status="FAIL" starttime="20200108 16:21:17.426" endtime="20200108 16:21:26.770"></status>
</suite>
<statistics>
<total>
<stat pass="0" fail="1">Critical Tests</stat>
<stat pass="0" fail="1">All Tests</stat>
</total>
<tag>
</tag>
<suite>
<stat pass="0" fail="1" id="s1" name="01CadastroProcesso">01CadastroProcesso</stat>
<stat pass="0" fail="1" id="s1-s1" name="Test">01CadastroProcesso.Test</stat>
<stat pass="0" fail="1" id="s1-s1-s1" name="Cadastrorequisitorios">01CadastroProcesso.Test.Cadastrorequisitorios</stat>
</suite>
</statistics>
<errors>
</errors>
</robot>
